=== utxo-tracer --help ===
Usage: utxo-tracer [OPTIONS] COMMAND [ARGS]...

  Cardano UTXO chain tracer — trace funds through Cardano blockchain.

  PROVIDERS   blockfrost   Blockfrost API (mainnet/testnet). Backward +
  forward + address.   koios        Koios public API. Backward + forward +
  address.   maestro      Maestro API. Backward + address (no forward).
  kupmios      Kupo + Ogmios (self-hosted). Backward + forward + address.
  utxorpc      UTxORPC gRPC. Backward only (forward depends on DumpHistory).

    Backward = trace UTXO inputs (cash-in side).   Forward  = trace UTXO
    spends (cash-out side).   Address  = trace address interactions (all
    addresses that shared a tx).

  MULTI-KEY (rate-limit avoidance)   Pass multiple API keys comma-separated:
  --api-key key1,key2,key3   Auto-rotates on HTTP 429. Supported for:
  blockfrost, koios, maestro.   Kupmios also supports comma-separated --kupo-
  url / --ogmios-url     for multi-instance rotation (e.g. multiple
  Kupo+Ogmios pairs).   UTxORPC rate-limit depends on endpoint (Demeter.run,
  self-hosted, etc.).

=== utxo-tracer trace-address --help ===
Usage: utxo-tracer trace-address [OPTIONS] ADDRESS

  Trace all addresses that have interacted with a given Cardano address.
  Supports multiple API keys by comma-separating: --api-key key1,key2,key3

Options:
  --provider [blockfrost|koios|maestro|kupmios|utxorpc]
  --api-key TEXT
  --base-url TEXT
  --auth-type [project_id|bearer|dmtr-api-key]
  --endpoint-url TEXT
  --kupo-url TEXT
  --ogmios-url TEXT
  --tx-limit INTEGER              Optional cap on transactions per address
                                  level. Default: no limit (fetch all pages).
  --max-depth INTEGER             How many hops to trace (default: 1 = direct
                                  interactions only). Depth 2 traces
                                  interactors of interactors, etc.
  --output [table|json|csv]
  --export-json FILE

PASS: CLI help renders correctly.
